<?xml version="1.0" encoding="UTF-8"?>
<testng-results ignored="0" total="2" passed="2" failed="0" skipped="0">
  <reporter-output>
  </reporter-output>
  <suite started-at="2024-06-28T11:52:38 IST" name="Suite" finished-at="2024-06-28T11:52:51 IST" duration-ms="12808">
    <groups>
    </groups>
    <test started-at="2024-06-28T11:52:38 IST" name="Test" finished-at="2024-06-28T11:52:51 IST" duration-ms="12808">
      <class name="testScripts.Test2">
        <test-method is-config="true" signature="openApp()[pri:0, instance:testScripts.Test2@77847718]" started-at="2024-06-28T11:52:44 IST" name="openApp" finished-at="2024-06-28T11:52:47 IST" duration-ms="2814" status="PASS">
          <reporter-output>
          </reporter-output>
        </test-method> <!-- openApp -->
        <test-method signature="tc2()[pri:0, instance:testScripts.Test2@77847718]" started-at="2024-06-28T11:52:47 IST" name="tc2" finished-at="2024-06-28T11:52:50 IST" duration-ms="3543" status="PASS">
          <reporter-output>
          </reporter-output>
        </test-method> <!-- tc2 -->
        <test-method is-config="true" signature="closeApp()[pri:0, instance:testScripts.Test2@77847718]" started-at="2024-06-28T11:52:50 IST" name="closeApp" finished-at="2024-06-28T11:52:51 IST" duration-ms="441" status="PASS">
          <reporter-output>
          </reporter-output>
        </test-method> <!-- closeApp -->
      </class> <!-- testScripts.Test2 -->
      <class name="testScripts.Test1">
        <test-method is-config="true" signature="openApp()[pri:0, instance:testScripts.Test1@4fb0f2b9]" started-at="2024-06-28T11:52:38 IST" name="openApp" finished-at="2024-06-28T11:52:41 IST" duration-ms="2796" status="PASS">
          <reporter-output>
          </reporter-output>
        </test-method> <!-- openApp -->
        <test-method signature="tc1()[pri:0, instance:testScripts.Test1@4fb0f2b9]" started-at="2024-06-28T11:52:41 IST" name="tc1" finished-at="2024-06-28T11:52:44 IST" duration-ms="2724" status="PASS">
          <reporter-output>
          </reporter-output>
        </test-method> <!-- tc1 -->
        <test-method is-config="true" signature="closeApp()[pri:0, instance:testScripts.Test1@4fb0f2b9]" started-at="2024-06-28T11:52:44 IST" name="closeApp" finished-at="2024-06-28T11:52:44 IST" duration-ms="409" status="PASS">
          <reporter-output>
          </reporter-output>
        </test-method> <!-- closeApp -->
      </class> <!-- testScripts.Test1 -->
    </test> <!-- Test -->
  </suite> <!-- Suite -->
</testng-results>
